2019-11-22 16:43:11 duanzi.py[line:156] Start Spider..
2019-11-22 16:43:11 duanzi.py[line:78] The next url is https://www.xiaohua.com/duanzi?page=1
2019-11-22 16:43:12 duanzi.py[line:112] The spider url is https://www.xiaohua.com/duanzi?page=1
2019-11-22 16:43:12 duanzi.py[line:78] The next url is https://www.xiaohua.com/duanzi?page=2
2019-11-22 16:43:12 duanzi.py[line:78] The next url is https://www.xiaohua.com/duanzi?page=3
2019-11-22 16:43:12 duanzi.py[line:112] The spider url is https://www.xiaohua.com/duanzi?page=2
2019-11-22 16:43:12 duanzi.py[line:78] The next url is https://www.xiaohua.com/duanzi?page=4
2019-11-22 16:43:13 duanzi.py[line:112] The spider url is https://www.xiaohua.com/duanzi?page=3
2019-11-22 16:43:13 duanzi.py[line:78] The next url is https://www.xiaohua.com/duanzi?page=5
2019-11-22 16:43:13 duanzi.py[line:78] The next url is https://www.xiaohua.com/duanzi?page=6
2019-11-22 16:43:13 duanzi.py[line:112] The spider url is https://www.xiaohua.com/duanzi?page=4
2019-11-22 16:43:13 duanzi.py[line:78] The next url is https://www.xiaohua.com/duanzi?page=7
2019-11-22 16:43:13 duanzi.py[line:78] The next url is https://www.xiaohua.com/duanzi?page=8
2019-11-22 16:43:14 duanzi.py[line:78] The next url is https://www.xiaohua.com/duanzi?page=9
2019-11-22 16:43:14 duanzi.py[line:112] The spider url is https://www.xiaohua.com/duanzi?page=5
2019-11-22 16:43:14 duanzi.py[line:78] The next url is https://www.xiaohua.com/duanzi?page=10
2019-11-22 16:43:14 duanzi.py[line:78] The next url is https://www.xiaohua.com/duanzi?page=11
2019-11-22 16:43:14 duanzi.py[line:78] The next url is https://www.xiaohua.com/duanzi?page=12
2019-11-22 16:43:15 duanzi.py[line:112] The spider url is https://www.xiaohua.com/duanzi?page=6
2019-11-22 16:43:15 duanzi.py[line:78] The next url is https://www.xiaohua.com/duanzi?page=13
2019-11-22 16:43:15 duanzi.py[line:78] The next url is https://www.xiaohua.com/duanzi?page=14
2019-11-22 16:43:15 duanzi.py[line:78] The next url is https://www.xiaohua.com/duanzi?page=15
2019-11-22 16:43:15 duanzi.py[line:112] The spider url is https://www.xiaohua.com/duanzi?page=7
2019-11-22 16:43:15 duanzi.py[line:78] The next url is https://www.xiaohua.com/duanzi?page=16
2019-11-22 16:43:16 duanzi.py[line:78] The next url is https://www.xiaohua.com/duanzi?page=17
2019-11-22 16:43:16 duanzi.py[line:112] The spider url is https://www.xiaohua.com/duanzi?page=8
2019-11-22 16:43:16 duanzi.py[line:78] The next url is https://www.xiaohua.com/duanzi?page=18
2019-11-22 16:43:16 duanzi.py[line:78] The next url is https://www.xiaohua.com/duanzi?page=19
2019-11-22 16:43:16 duanzi.py[line:112] The spider url is https://www.xiaohua.com/duanzi?page=9
2019-11-22 16:43:16 duanzi.py[line:57] write a header is [Mozilla/5.0 (compatible; MSIE 8.0; Windows NT 5.1; Trident/4.0; .NET CLR 1.1.4322; .NET CLR 2.0.50727)]
2019-11-22 16:43:16 duanzi.py[line:78] The next url is https://www.xiaohua.com/duanzi?page=20
2019-11-22 16:43:17 duanzi.py[line:78] The next url is https://www.xiaohua.com/duanzi?page=21
2019-11-22 16:43:17 duanzi.py[line:112] The spider url is https://www.xiaohua.com/duanzi?page=10
2019-11-22 16:43:17 duanzi.py[line:78] The next url is https://www.xiaohua.com/duanzi?page=22
2019-11-22 16:43:17 duanzi.py[line:78] The next url is https://www.xiaohua.com/duanzi?page=23
2019-11-22 16:43:17 duanzi.py[line:112] The spider url is https://www.xiaohua.com/duanzi?page=11
2019-11-22 16:43:17 duanzi.py[line:78] The next url is https://www.xiaohua.com/duanzi?page=24
2019-11-22 16:43:18 duanzi.py[line:78] The next url is https://www.xiaohua.com/duanzi?page=25
2019-11-22 16:43:18 duanzi.py[line:112] The spider url is https://www.xiaohua.com/duanzi?page=12
2019-11-22 16:43:18 duanzi.py[line:78] The next url is https://www.xiaohua.com/duanzi?page=26
2019-11-22 16:43:18 duanzi.py[line:78] The next url is https://www.xiaohua.com/duanzi?page=27
2019-11-22 16:43:18 duanzi.py[line:112] The spider url is https://www.xiaohua.com/duanzi?page=13
2019-11-22 16:43:18 duanzi.py[line:78] The next url is https://www.xiaohua.com/duanzi?page=28
2019-11-22 16:43:19 duanzi.py[line:78] The next url is https://www.xiaohua.com/duanzi?page=29
2019-11-22 16:43:19 duanzi.py[line:78] The next url is https://www.xiaohua.com/duanzi?page=30
2019-11-22 16:43:19 duanzi.py[line:112] The spider url is https://www.xiaohua.com/duanzi?page=14
2019-11-22 16:43:19 duanzi.py[line:78] The next url is https://www.xiaohua.com/duanzi?page=31
2019-11-22 16:43:19 duanzi.py[line:78] The next url is https://www.xiaohua.com/duanzi?page=32
2019-11-22 16:43:20 duanzi.py[line:112] The spider url is https://www.xiaohua.com/duanzi?page=15
2019-11-22 16:43:20 duanzi.py[line:78] The next url is https://www.xiaohua.com/duanzi?page=33
2019-11-22 16:43:20 duanzi.py[line:112] The spider url is https://www.xiaohua.com/duanzi?page=16
2019-11-22 16:43:20 duanzi.py[line:78] The next url is https://www.xiaohua.com/duanzi?page=34
2019-11-22 16:43:20 duanzi.py[line:78] The next url is https://www.xiaohua.com/duanzi?page=35
2019-11-22 16:43:20 duanzi.py[line:112] The spider url is https://www.xiaohua.com/duanzi?page=17
2019-11-22 16:43:20 duanzi.py[line:78] The next url is https://www.xiaohua.com/duanzi?page=36
2019-11-22 16:43:21 duanzi.py[line:78] The next url is https://www.xiaohua.com/duanzi?page=37
2019-11-22 16:43:21 duanzi.py[line:78] The next url is https://www.xiaohua.com/duanzi?page=38
2019-11-22 16:43:21 duanzi.py[line:112] The spider url is https://www.xiaohua.com/duanzi?page=18
2019-11-22 16:43:21 duanzi.py[line:78] The next url is https://www.xiaohua.com/duanzi?page=39
2019-11-22 16:43:21 duanzi.py[line:112] The spider url is https://www.xiaohua.com/duanzi?page=19
2019-11-22 16:43:21 duanzi.py[line:57] write a header is [Mozilla/5.0 (Windows NT 6.1; Win64; x64; rv:22.0) Gecko/20130328 Firefox/22.0]
2019-11-22 16:43:21 duanzi.py[line:78] The next url is https://www.xiaohua.com/duanzi?page=40
2019-11-22 16:43:22 duanzi.py[line:78] The next url is https://www.xiaohua.com/duanzi?page=41
2019-11-22 16:43:22 duanzi.py[line:112] The spider url is https://www.xiaohua.com/duanzi?page=20
2019-11-22 16:43:22 duanzi.py[line:78] The next url is https://www.xiaohua.com/duanzi?page=42
2019-11-22 16:43:22 duanzi.py[line:78] The next url is https://www.xiaohua.com/duanzi?page=43
2019-11-22 16:43:23 duanzi.py[line:112] The spider url is https://www.xiaohua.com/duanzi?page=21
2019-11-22 16:43:23 duanzi.py[line:78] The next url is https://www.xiaohua.com/duanzi?page=44
2019-11-22 16:43:23 duanzi.py[line:78] The next url is https://www.xiaohua.com/duanzi?page=45
2019-11-22 16:43:23 duanzi.py[line:112] The spider url is https://www.xiaohua.com/duanzi?page=22
2019-11-22 16:43:23 duanzi.py[line:78] The next url is https://www.xiaohua.com/duanzi?page=46
2019-11-22 16:43:23 duanzi.py[line:78] The next url is https://www.xiaohua.com/duanzi?page=47
2019-11-22 16:43:23 duanzi.py[line:112] The spider url is https://www.xiaohua.com/duanzi?page=23
2019-11-22 16:43:23 duanzi.py[line:78] The next url is https://www.xiaohua.com/duanzi?page=48
2019-11-22 16:43:24 duanzi.py[line:78] The next url is https://www.xiaohua.com/duanzi?page=49
2019-11-22 16:43:24 duanzi.py[line:112] The spider url is https://www.xiaohua.com/duanzi?page=24
2019-11-22 16:43:24 duanzi.py[line:78] The next url is https://www.xiaohua.com/duanzi?page=50
2019-11-22 16:43:24 duanzi.py[line:78] The next url is https://www.xiaohua.com/duanzi?page=51
2019-11-22 16:43:25 duanzi.py[line:112] The spider url is https://www.xiaohua.com/duanzi?page=25
2019-11-22 16:43:25 duanzi.py[line:78] The next url is https://www.xiaohua.com/duanzi?page=52
2019-11-22 16:43:25 duanzi.py[line:112] The spider url is https://www.xiaohua.com/duanzi?page=26
2019-11-22 16:43:25 duanzi.py[line:78] The next url is https://www.xiaohua.com/duanzi?page=53
2019-11-22 16:43:25 duanzi.py[line:112] The spider url is https://www.xiaohua.com/duanzi?page=27
2019-11-22 16:43:25 duanzi.py[line:78] The next url is https://www.xiaohua.com/duanzi?page=54
2019-11-22 16:43:25 duanzi.py[line:78] The next url is https://www.xiaohua.com/duanzi?page=55
2019-11-22 16:43:26 duanzi.py[line:78] The next url is https://www.xiaohua.com/duanzi?page=56
2019-11-22 16:43:26 duanzi.py[line:112] The spider url is https://www.xiaohua.com/duanzi?page=28
2019-11-22 16:43:26 duanzi.py[line:78] The next url is https://www.xiaohua.com/duanzi?page=57
2019-11-22 16:43:26 duanzi.py[line:78] The next url is https://www.xiaohua.com/duanzi?page=58
2019-11-22 16:43:26 duanzi.py[line:78] The next url is https://www.xiaohua.com/duanzi?page=59
2019-11-22 16:43:27 duanzi.py[line:112] The spider url is https://www.xiaohua.com/duanzi?page=29
2019-11-22 16:43:27 duanzi.py[line:57] write a header is [Mozilla/5.0 (Windows NT 5.0; rv:21.0) Gecko/20100101 Firefox/21.0]
2019-11-22 16:43:27 duanzi.py[line:78] The next url is https://www.xiaohua.com/duanzi?page=60
2019-11-22 16:43:27 duanzi.py[line:112] The spider url is https://www.xiaohua.com/duanzi?page=30
2019-11-22 16:43:27 duanzi.py[line:78] The next url is https://www.xiaohua.com/duanzi?page=61
2019-11-22 16:43:27 duanzi.py[line:112] The spider url is https://www.xiaohua.com/duanzi?page=31
2019-11-22 16:43:27 duanzi.py[line:78] The next url is https://www.xiaohua.com/duanzi?page=62
2019-11-22 16:43:27 duanzi.py[line:78] The next url is https://www.xiaohua.com/duanzi?page=63
2019-11-22 16:43:28 duanzi.py[line:112] The spider url is https://www.xiaohua.com/duanzi?page=32
2019-11-22 16:43:28 duanzi.py[line:78] The next url is https://www.xiaohua.com/duanzi?page=64
2019-11-22 16:43:28 duanzi.py[line:78] The next url is https://www.xiaohua.com/duanzi?page=65
2019-11-22 16:43:28 duanzi.py[line:112] The spider url is https://www.xiaohua.com/duanzi?page=33
2019-11-22 16:43:28 duanzi.py[line:78] The next url is https://www.xiaohua.com/duanzi?page=66
2019-11-22 16:43:28 duanzi.py[line:78] The next url is https://www.xiaohua.com/duanzi?page=67
2019-11-22 16:43:29 duanzi.py[line:78] The next url is https://www.xiaohua.com/duanzi?page=68
2019-11-22 16:43:29 duanzi.py[line:112] The spider url is https://www.xiaohua.com/duanzi?page=34
2019-11-22 16:43:29 duanzi.py[line:78] The next url is https://www.xiaohua.com/duanzi?page=69
2019-11-22 16:43:29 duanzi.py[line:78] The next url is https://www.xiaohua.com/duanzi?page=70
2019-11-22 16:43:30 duanzi.py[line:112] The spider url is https://www.xiaohua.com/duanzi?page=35
2019-11-22 16:43:30 duanzi.py[line:78] The next url is https://www.xiaohua.com/duanzi?page=71
2019-11-22 16:43:30 duanzi.py[line:112] The spider url is https://www.xiaohua.com/duanzi?page=36
2019-11-22 16:43:30 duanzi.py[line:78] The next url is https://www.xiaohua.com/duanzi?page=72
2019-11-22 16:43:30 duanzi.py[line:78] The next url is https://www.xiaohua.com/duanzi?page=73
2019-11-22 16:43:30 duanzi.py[line:112] The spider url is https://www.xiaohua.com/duanzi?page=37
2019-11-22 16:43:30 duanzi.py[line:78] The next url is https://www.xiaohua.com/duanzi?page=74
2019-11-22 16:43:31 duanzi.py[line:112] The spider url is https://www.xiaohua.com/duanzi?page=38
2019-11-22 16:43:31 duanzi.py[line:78] The next url is https://www.xiaohua.com/duanzi?page=75
2019-11-22 16:43:31 duanzi.py[line:112] The spider url is https://www.xiaohua.com/duanzi?page=39
2019-11-22 16:43:31 duanzi.py[line:78] The next url is https://www.xiaohua.com/duanzi?page=76
2019-11-22 16:43:31 duanzi.py[line:112] The spider url is https://www.xiaohua.com/duanzi?page=40
2019-11-22 16:43:31 duanzi.py[line:78] The next url is https://www.xiaohua.com/duanzi?page=77
2019-11-22 16:43:31 duanzi.py[line:112] The spider url is https://www.xiaohua.com/duanzi?page=41
2019-11-22 16:43:31 duanzi.py[line:78] The next url is https://www.xiaohua.com/duanzi?page=78
2019-11-22 16:43:32 duanzi.py[line:57] write a header is [Mozilla/5.0 (Windows NT 5.1) AppleWebKit/537.36 (KHTML, like Gecko) Chrome/34.0.1847.116 Safari/537.36 Mozilla/5.0 (iPad; U; CPU OS 3_2 like Mac OS X; en-us) AppleWebKit/531.21.10 (KHTML, like Gecko) Version/4.0.4 Mobile/7B334b Safari/531.21.10]
2019-11-22 16:43:32 duanzi.py[line:78] The next url is https://www.xiaohua.com/duanzi?page=79
2019-11-22 16:43:32 duanzi.py[line:112] The spider url is https://www.xiaohua.com/duanzi?page=42
2019-11-22 16:43:32 duanzi.py[line:78] The next url is https://www.xiaohua.com/duanzi?page=80
2019-11-22 16:43:32 duanzi.py[line:112] The spider url is https://www.xiaohua.com/duanzi?page=43
2019-11-22 16:43:32 duanzi.py[line:78] The next url is https://www.xiaohua.com/duanzi?page=81
2019-11-22 16:43:32 duanzi.py[line:78] The next url is https://www.xiaohua.com/duanzi?page=82
2019-11-22 16:43:33 duanzi.py[line:112] The spider url is https://www.xiaohua.com/duanzi?page=44
2019-11-22 16:43:33 duanzi.py[line:78] The next url is https://www.xiaohua.com/duanzi?page=83
2019-11-22 16:43:33 duanzi.py[line:112] The spider url is https://www.xiaohua.com/duanzi?page=45
2019-11-22 16:43:33 duanzi.py[line:78] The next url is https://www.xiaohua.com/duanzi?page=84
2019-11-22 16:43:33 duanzi.py[line:78] The next url is https://www.xiaohua.com/duanzi?page=85
2019-11-22 16:43:34 duanzi.py[line:112] The spider url is https://www.xiaohua.com/duanzi?page=46
2019-11-22 16:43:34 duanzi.py[line:78] The next url is https://www.xiaohua.com/duanzi?page=86
2019-11-22 16:43:34 duanzi.py[line:78] The next url is https://www.xiaohua.com/duanzi?page=87
2019-11-22 16:43:34 duanzi.py[line:112] The spider url is https://www.xiaohua.com/duanzi?page=47
2019-11-22 16:43:34 duanzi.py[line:78] The next url is https://www.xiaohua.com/duanzi?page=88
2019-11-22 16:43:34 duanzi.py[line:78] The next url is https://www.xiaohua.com/duanzi?page=89
2019-11-22 16:43:34 duanzi.py[line:112] The spider url is https://www.xiaohua.com/duanzi?page=48
2019-11-22 16:43:34 duanzi.py[line:78] The next url is https://www.xiaohua.com/duanzi?page=90
2019-11-22 16:43:35 duanzi.py[line:112] The spider url is https://www.xiaohua.com/duanzi?page=49
2019-11-22 16:43:35 duanzi.py[line:78] The next url is https://www.xiaohua.com/duanzi?page=91
2019-11-22 16:43:35 duanzi.py[line:78] The next url is https://www.xiaohua.com/duanzi?page=92
2019-11-22 16:43:35 duanzi.py[line:112] The spider url is https://www.xiaohua.com/duanzi?page=50
2019-11-22 16:43:35 duanzi.py[line:78] The next url is https://www.xiaohua.com/duanzi?page=93
2019-11-22 16:43:36 duanzi.py[line:112] The spider url is https://www.xiaohua.com/duanzi?page=51
2019-11-22 16:43:36 duanzi.py[line:78] The next url is https://www.xiaohua.com/duanzi?page=94
2019-11-22 16:43:36 duanzi.py[line:78] The next url is https://www.xiaohua.com/duanzi?page=95
2019-11-22 16:43:36 duanzi.py[line:112] The spider url is https://www.xiaohua.com/duanzi?page=52
2019-11-22 16:43:36 duanzi.py[line:78] The next url is https://www.xiaohua.com/duanzi?page=96
2019-11-22 16:43:36 duanzi.py[line:112] The spider url is https://www.xiaohua.com/duanzi?page=53
2019-11-22 16:43:36 duanzi.py[line:78] The next url is https://www.xiaohua.com/duanzi?page=97
2019-11-22 16:43:37 duanzi.py[line:112] The spider url is https://www.xiaohua.com/duanzi?page=54
2019-11-22 16:43:37 duanzi.py[line:78] The next url is https://www.xiaohua.com/duanzi?page=98
2019-11-22 16:43:37 duanzi.py[line:78] The next url is https://www.xiaohua.com/duanzi?page=99
2019-11-22 16:43:37 duanzi.py[line:112] The spider url is https://www.xiaohua.com/duanzi?page=55
2019-11-22 16:43:37 duanzi.py[line:57] write a header is [Mozilla/5.0 (X11; CrOS i686 3912.101.0) AppleWebKit/537.36 (KHTML, like Gecko) Chrome/27.0.1453.116 Safari/537.36]
2019-11-22 16:43:37 duanzi.py[line:78] The next url is https://www.xiaohua.com/duanzi?page=100
2019-11-22 16:43:37 duanzi.py[line:112] The spider url is https://www.xiaohua.com/duanzi?page=56
2019-11-22 16:43:37 duanzi.py[line:78] The next url is https://www.xiaohua.com/duanzi?page=101
2019-11-22 16:43:38 duanzi.py[line:112] The spider url is https://www.xiaohua.com/duanzi?page=57
2019-11-22 16:43:38 duanzi.py[line:78] The next url is https://www.xiaohua.com/duanzi?page=102
2019-11-22 16:43:38 duanzi.py[line:78] The next url is https://www.xiaohua.com/duanzi?page=103
2019-11-22 16:43:38 duanzi.py[line:112] The spider url is https://www.xiaohua.com/duanzi?page=58
2019-11-22 16:43:38 duanzi.py[line:78] The next url is https://www.xiaohua.com/duanzi?page=104
